{
  "stats": {
    "suites": 1,
    "tests": 5,
    "passes": 5,
    "pending": 0,
    "failures": 0,
    "start": "2025-05-10T17:17:26.660Z",
    "end": "2025-05-10T17:17:26.669Z",
    "duration": 9,
    "testsRegistered": 5,
    "passPercent": 100,
    "pendingPercent": 0,
    "other": 0,
    "hasOther": false,
    "skipped": 0,
    "hasSkipped": false
  },
  "results": [
    {
      "uuid": "fe5b42fa-8f23-47f7-8eb7-3f3b5e03d5d0",
      "title": "",
      "fullFile": "/workspaces/pruebas-software-example/test/env_test.js",
      "file": "/test/env_test.js",
      "beforeHooks": [],
      "afterHooks": [],
      "tests": [],
      "suites": [
        {
          "uuid": "fc99c69e-4521-4cdf-9f53-d47f30f25498",
          "title": "testFuelSelector - Andrés Gómez",
          "fullFile": "/workspaces/pruebas-software-example/test/env_test.js",
          "file": "/test/env_test.js",
          "beforeHooks": [],
          "afterHooks": [],
          "tests": [
            {
              "title": "Diesel",
              "fullTitle": "testFuelSelector - Andrés Gómez Diesel",
              "timedOut": false,
              "duration": 1,
              "state": "passed",
              "speed": "fast",
              "pass": true,
              "fail": false,
              "pending": false,
              "context": null,
              "code": "assert.deepEqual(fuelEnergySelector(\"Diesel\"), {\n    \"fuel_price\": 12000,\n    \"fuel_energy\": 40.7,\n    \"emision_factor\": 70.4\n  })",
              "err": {},
              "uuid": "32c809fa-f2ae-473f-8804-bda7a3b77da6",
              "parentUUID": "fc99c69e-4521-4cdf-9f53-d47f30f25498",
              "isHook": false,
              "skipped": false
            },
            {
              "title": "Gasolina",
              "fullTitle": "testFuelSelector - Andrés Gómez Gasolina",
              "timedOut": false,
              "duration": 0,
              "state": "passed",
              "speed": "fast",
              "pass": true,
              "fail": false,
              "pending": false,
              "context": null,
              "code": "assert.deepEqual(fuelEnergySelector(\"Gasolina\"), {\n    \"fuel_price\": 16700,\n    \"fuel_energy\": 38.58,\n    \"emision_factor\": 69.25\n  })",
              "err": {},
              "uuid": "0cfc785d-f6b0-411d-92e2-6d45ead1bed4",
              "parentUUID": "fc99c69e-4521-4cdf-9f53-d47f30f25498",
              "isHook": false,
              "skipped": false
            },
            {
              "title": "DatoDiferente",
              "fullTitle": "testFuelSelector - Andrés Gómez DatoDiferente",
              "timedOut": false,
              "duration": 1,
              "state": "passed",
              "speed": "fast",
              "pass": true,
              "fail": false,
              "pending": false,
              "context": null,
              "code": "assert.deepEqual(fuelEnergySelector(\"Perro\"), {\n    \"error\": \"Tipo de combustible no reconocido\",\n    \"error_code\": 500\n})",
              "err": {},
              "uuid": "a2abbd3f-db20-4a3d-868e-d87179791a90",
              "parentUUID": "fc99c69e-4521-4cdf-9f53-d47f30f25498",
              "isHook": false,
              "skipped": false
            },
            {
              "title": "Combustible con baja energía y alto consumo",
              "fullTitle": "testFuelSelector - Andrés Gómez Combustible con baja energía y alto consumo",
              "timedOut": false,
              "duration": 0,
              "state": "passed",
              "speed": "fast",
              "pass": true,
              "fail": false,
              "pending": false,
              "context": null,
              "code": "const combustion = 5; // muy alto\nconst fuel_energy = 10; // muy bajo\nconst result = fuelConsumption(combustion, fuel_energy);\n\nassert.strictEqual(result, 0.5);",
              "err": {},
              "uuid": "5261dab4-e40c-4b7b-80a3-3839997ce9a0",
              "parentUUID": "fc99c69e-4521-4cdf-9f53-d47f30f25498",
              "isHook": false,
              "skipped": false
            },
            {
              "title": "Costo por km con consumo eléctrico 0",
              "fullTitle": "testFuelSelector - Andrés Gómez Costo por km con consumo eléctrico 0",
              "timedOut": false,
              "duration": 0,
              "state": "passed",
              "speed": "fast",
              "pass": true,
              "fail": false,
              "pending": false,
              "context": null,
              "code": "const cost = costElectricalKM(0, 250); // energía cuesta 250 sin consumir\nassert.strictEqual(cost, 0);",
              "err": {},
              "uuid": "d579c0fa-038a-4a3b-9453-3c2a9857a7fa",
              "parentUUID": "fc99c69e-4521-4cdf-9f53-d47f30f25498",
              "isHook": false,
              "skipped": false
            }
          ],
          "suites": [],
          "passes": [
            "32c809fa-f2ae-473f-8804-bda7a3b77da6",
            "0cfc785d-f6b0-411d-92e2-6d45ead1bed4",
            "a2abbd3f-db20-4a3d-868e-d87179791a90",
            "5261dab4-e40c-4b7b-80a3-3839997ce9a0",
            "d579c0fa-038a-4a3b-9453-3c2a9857a7fa"
          ],
          "failures": [],
          "pending": [],
          "skipped": [],
          "duration": 2,
          "root": false,
          "rootEmpty": false,
          "_timeout": 2000
        }
      ],
      "passes": [],
      "failures": [],
      "pending": [],
      "skipped": [],
      "duration": 0,
      "root": true,
      "rootEmpty": true,
      "_timeout": 2000
    }
  ],
  "meta": {
    "mocha": {
      "version": "11.2.2"
    },
    "mochawesome": {
      "options": {
        "quiet": false,
        "reportFilename": "mochawesome",
        "saveHtml": true,
        "saveJson": true,
        "consoleReporter": "spec",
        "useInlineDiffs": false,
        "code": true
      },
      "version": "7.1.3"
    },
    "marge": {
      "options": null,
      "version": "6.2.0"
    }
  }
}